{"D:\\EventZen\\Booking_Module\\config\\db.js": {"path":"D:\\EventZen\\Booking_Module\\config\\db.js","statementMap":{"0":{"start":{"line":1,"column":22},"end":{"line":1,"column":42}},"1":{"start":{"line":2,"column":0},"end":{"line":2,"column":27}},"2":{"start":{"line":4,"column":18},"end":{"line":7,"column":2}},"3":{"start":{"line":9,"column":0},"end":{"line":9,"column":27}}},"fnMap":{},"branchMap":{},"s":{"0":3,"1":3,"2":3,"3":3},"f":{},"b":{},"_coverageSchema":"1a1c01bbd47fc00a2c39e90264f33305004495a9","hash":"62b31ae7c672a0fc6919252000db527a09bef6e1"}
,"D:\\EventZen\\Booking_Module\\controllers\\bookingController.js": {"path":"D:\\EventZen\\Booking_Module\\controllers\\bookingController.js","statementMap":{"0":{"start":{"line":1,"column":14},"end":{"line":1,"column":30}},"1":{"start":{"line":2,"column":16},"end":{"line":2,"column":49}},"2":{"start":{"line":3,"column":25},"end":{"line":3,"column":66}},"3":{"start":{"line":4,"column":35},"end":{"line":4,"column":63}},"4":{"start":{"line":5,"column":0},"end":{"line":5,"column":27}},"5":{"start":{"line":7,"column":27},"end":{"line":12,"column":1}},"6":{"start":{"line":14,"column":26},"end":{"line":19,"column":1}},"7":{"start":{"line":22,"column":22},"end":{"line":76,"column":1}},"8":{"start":{"line":25,"column":23},"end":{"line":25,"column":44}},"9":{"start":{"line":26,"column":8},"end":{"line":28,"column":9}},"10":{"start":{"line":27,"column":12},"end":{"line":27,"column":68}},"11":{"start":{"line":35,"column":12},"end":{"line":35,"column":20}},"12":{"start":{"line":37,"column":8},"end":{"line":47,"column":9}},"13":{"start":{"line":38,"column":12},"end":{"line":41,"column":14}},"14":{"start":{"line":43,"column":12},"end":{"line":45,"column":13}},"15":{"start":{"line":44,"column":16},"end":{"line":44,"column":74}},"16":{"start":{"line":46,"column":12},"end":{"line":46,"column":80}},"17":{"start":{"line":49,"column":24},"end":{"line":58,"column":10}},"18":{"start":{"line":60,"column":8},"end":{"line":72,"column":9}},"19":{"start":{"line":61,"column":12},"end":{"line":69,"column":14}},"20":{"start":{"line":71,"column":12},"end":{"line":71,"column":81}},"21":{"start":{"line":74,"column":8},"end":{"line":74,"column":45}},"22":{"start":{"line":79,"column":20},"end":{"line":87,"column":2}},"23":{"start":{"line":80,"column":33},"end":{"line":80,"column":41}},"24":{"start":{"line":83,"column":18},"end":{"line":83,"column":52}},"25":{"start":{"line":84,"column":21},"end":{"line":84,"column":53}},"26":{"start":{"line":86,"column":4},"end":{"line":86,"column":42}},"27":{"start":{"line":90,"column":23},"end":{"line":103,"column":2}},"28":{"start":{"line":91,"column":33},"end":{"line":91,"column":41}},"29":{"start":{"line":92,"column":20},"end":{"line":92,"column":57}},"30":{"start":{"line":94,"column":4},"end":{"line":96,"column":5}},"31":{"start":{"line":95,"column":8},"end":{"line":95,"column":68}},"32":{"start":{"line":98,"column":4},"end":{"line":100,"column":5}},"33":{"start":{"line":99,"column":8},"end":{"line":99,"column":89}},"34":{"start":{"line":102,"column":4},"end":{"line":102,"column":41}},"35":{"start":{"line":106,"column":28},"end":{"line":122,"column":1}},"36":{"start":{"line":109,"column":23},"end":{"line":109,"column":44}},"37":{"start":{"line":110,"column":8},"end":{"line":112,"column":9}},"38":{"start":{"line":111,"column":12},"end":{"line":111,"column":68}},"39":{"start":{"line":114,"column":24},"end":{"line":114,"column":61}},"40":{"start":{"line":115,"column":8},"end":{"line":117,"column":9}},"41":{"start":{"line":116,"column":12},"end":{"line":116,"column":72}},"42":{"start":{"line":119,"column":8},"end":{"line":119,"column":58}},"43":{"start":{"line":120,"column":8},"end":{"line":120,"column":45}},"44":{"start":{"line":125,"column":22},"end":{"line":144,"column":2}},"45":{"start":{"line":126,"column":33},"end":{"line":126,"column":41}},"46":{"start":{"line":127,"column":20},"end":{"line":127,"column":57}},"47":{"start":{"line":129,"column":4},"end":{"line":131,"column":5}},"48":{"start":{"line":130,"column":8},"end":{"line":130,"column":68}},"49":{"start":{"line":133,"column":4},"end":{"line":135,"column":5}},"50":{"start":{"line":134,"column":8},"end":{"line":134,"column":79}},"51":{"start":{"line":138,"column":4},"end":{"line":140,"column":5}},"52":{"start":{"line":139,"column":8},"end":{"line":139,"column":60}},"53":{"start":{"line":142,"column":4},"end":{"line":142,"column":50}},"54":{"start":{"line":143,"column":4},"end":{"line":143,"column":34}},"55":{"start":{"line":146,"column":0},"end":{"line":152,"column":2}}},"fnMap":{"0":{"name":"(anonymous_0)","decl":{"start":{"line":24,"column":17},"end":{"line":24,"column":18}},"loc":{"start":{"line":24,"column":37},"end":{"line":75,"column":5}},"line":24},"1":{"name":"(anonymous_1)","decl":{"start":{"line":79,"column":33},"end":{"line":79,"column":34}},"loc":{"start":{"line":79,"column":53},"end":{"line":87,"column":1}},"line":79},"2":{"name":"(anonymous_2)","decl":{"start":{"line":90,"column":36},"end":{"line":90,"column":37}},"loc":{"start":{"line":90,"column":56},"end":{"line":103,"column":1}},"line":90},"3":{"name":"(anonymous_3)","decl":{"start":{"line":108,"column":17},"end":{"line":108,"column":18}},"loc":{"start":{"line":108,"column":37},"end":{"line":121,"column":5}},"line":108},"4":{"name":"(anonymous_4)","decl":{"start":{"line":125,"column":35},"end":{"line":125,"column":36}},"loc":{"start":{"line":125,"column":55},"end":{"line":144,"column":1}},"line":125}},"branchMap":{"0":{"loc":{"start":{"line":26,"column":8},"end":{"line":28,"column":9}},"type":"if","locations":[{"start":{"line":26,"column":8},"end":{"line":28,"column":9}},{"start":{},"end":{}}],"line":26},"1":{"loc":{"start":{"line":32,"column":12},"end":{"line":32,"column":35}},"type":"default-arg","locations":[{"start":{"line":32,"column":25},"end":{"line":32,"column":35}}],"line":32},"2":{"loc":{"start":{"line":33,"column":12},"end":{"line":33,"column":24}},"type":"default-arg","locations":[{"start":{"line":33,"column":23},"end":{"line":33,"column":24}}],"line":33},"3":{"loc":{"start":{"line":34,"column":12},"end":{"line":34,"column":21}},"type":"default-arg","locations":[{"start":{"line":34,"column":20},"end":{"line":34,"column":21}}],"line":34},"4":{"loc":{"start":{"line":43,"column":12},"end":{"line":45,"column":13}},"type":"if","locations":[{"start":{"line":43,"column":12},"end":{"line":45,"column":13}},{"start":{},"end":{}}],"line":43},"5":{"loc":{"start":{"line":83,"column":18},"end":{"line":83,"column":52}},"type":"cond-expr","locations":[{"start":{"line":83,"column":37},"end":{"line":83,"column":39}},{"start":{"line":83,"column":42},"end":{"line":83,"column":52}}],"line":83},"6":{"loc":{"start":{"line":94,"column":4},"end":{"line":96,"column":5}},"type":"if","locations":[{"start":{"line":94,"column":4},"end":{"line":96,"column":5}},{"start":{},"end":{}}],"line":94},"7":{"loc":{"start":{"line":98,"column":4},"end":{"line":100,"column":5}},"type":"if","locations":[{"start":{"line":98,"column":4},"end":{"line":100,"column":5}},{"start":{},"end":{}}],"line":98},"8":{"loc":{"start":{"line":98,"column":8},"end":{"line":98,"column":53}},"type":"binary-expr","locations":[{"start":{"line":98,"column":8},"end":{"line":98,"column":24}},{"start":{"line":98,"column":28},"end":{"line":98,"column":53}}],"line":98},"9":{"loc":{"start":{"line":110,"column":8},"end":{"line":112,"column":9}},"type":"if","locations":[{"start":{"line":110,"column":8},"end":{"line":112,"column":9}},{"start":{},"end":{}}],"line":110},"10":{"loc":{"start":{"line":115,"column":8},"end":{"line":117,"column":9}},"type":"if","locations":[{"start":{"line":115,"column":8},"end":{"line":117,"column":9}},{"start":{},"end":{}}],"line":115},"11":{"loc":{"start":{"line":129,"column":4},"end":{"line":131,"column":5}},"type":"if","locations":[{"start":{"line":129,"column":4},"end":{"line":131,"column":5}},{"start":{},"end":{}}],"line":129},"12":{"loc":{"start":{"line":133,"column":4},"end":{"line":135,"column":5}},"type":"if","locations":[{"start":{"line":133,"column":4},"end":{"line":135,"column":5}},{"start":{},"end":{}}],"line":133},"13":{"loc":{"start":{"line":138,"column":4},"end":{"line":140,"column":5}},"type":"if","locations":[{"start":{"line":138,"column":4},"end":{"line":140,"column":5}},{"start":{},"end":{}}],"line":138},"14":{"loc":{"start":{"line":138,"column":8},"end":{"line":138,"column":53}},"type":"binary-expr","locations":[{"start":{"line":138,"column":8},"end":{"line":138,"column":24}},{"start":{"line":138,"column":28},"end":{"line":138,"column":53}}],"line":138}},"s":{"0":1,"1":1,"2":1,"3":1,"4":1,"5":1,"6":1,"7":1,"8":3,"9":3,"10":1,"11":2,"12":2,"13":2,"14":1,"15":1,"16":0,"17":1,"18":1,"19":1,"20":0,"21":1,"22":1,"23":2,"24":2,"25":2,"26":2,"27":1,"28":0,"29":0,"30":0,"31":0,"32":0,"33":0,"34":0,"35":1,"36":0,"37":0,"38":0,"39":0,"40":0,"41":0,"42":0,"43":0,"44":1,"45":4,"46":4,"47":4,"48":1,"49":3,"50":1,"51":2,"52":1,"53":1,"54":1,"55":1},"f":{"0":3,"1":2,"2":0,"3":0,"4":4},"b":{"0":[1,2],"1":[0],"2":[1],"3":[0],"4":[1,0],"5":[1,1],"6":[0,0],"7":[0,0],"8":[0,0],"9":[0,0],"10":[0,0],"11":[1,3],"12":[1,2],"13":[1,1],"14":[2,2]},"_coverageSchema":"1a1c01bbd47fc00a2c39e90264f33305004495a9","hash":"87ec2e07a751f6a0212550879207fa7c0268142d"}
,"D:\\EventZen\\Booking_Module\\controllers\\feedbackController.js": {"path":"D:\\EventZen\\Booking_Module\\controllers\\feedbackController.js","statementMap":{"0":{"start":{"line":1,"column":16},"end":{"line":1,"column":32}},"1":{"start":{"line":2,"column":17},"end":{"line":2,"column":51}},"2":{"start":{"line":3,"column":17},"end":{"line":3,"column":50}},"3":{"start":{"line":4,"column":25},"end":{"line":4,"column":66}},"4":{"start":{"line":5,"column":35},"end":{"line":5,"column":63}},"5":{"start":{"line":6,"column":0},"end":{"line":6,"column":27}},"6":{"start":{"line":9,"column":22},"end":{"line":19,"column":1}},"7":{"start":{"line":10,"column":2},"end":{"line":18,"column":3}},"8":{"start":{"line":11,"column":16},"end":{"line":14,"column":5}},"9":{"start":{"line":15,"column":4},"end":{"line":15,"column":49}},"10":{"start":{"line":17,"column":4},"end":{"line":17,"column":28}},"11":{"start":{"line":22,"column":22},"end":{"line":34,"column":1}},"12":{"start":{"line":37,"column":20},"end":{"line":80,"column":1}},"13":{"start":{"line":40,"column":19},"end":{"line":40,"column":40}},"14":{"start":{"line":41,"column":4},"end":{"line":42,"column":62}},"15":{"start":{"line":42,"column":6},"end":{"line":42,"column":62}},"16":{"start":{"line":44,"column":41},"end":{"line":44,"column":49}},"17":{"start":{"line":45,"column":19},"end":{"line":45,"column":30}},"18":{"start":{"line":48,"column":20},"end":{"line":50,"column":6}},"19":{"start":{"line":52,"column":4},"end":{"line":55,"column":9}},"20":{"start":{"line":53,"column":6},"end":{"line":55,"column":9}},"21":{"start":{"line":58,"column":21},"end":{"line":60,"column":6}},"22":{"start":{"line":62,"column":4},"end":{"line":65,"column":9}},"23":{"start":{"line":63,"column":6},"end":{"line":65,"column":9}},"24":{"start":{"line":68,"column":21},"end":{"line":68,"column":78}},"25":{"start":{"line":70,"column":21},"end":{"line":76,"column":6}},"26":{"start":{"line":78,"column":4},"end":{"line":78,"column":42}},"27":{"start":{"line":83,"column":27},"end":{"line":91,"column":2}},"28":{"start":{"line":84,"column":19},"end":{"line":88,"column":4}},"29":{"start":{"line":90,"column":2},"end":{"line":90,"column":40}},"30":{"start":{"line":94,"column":23},"end":{"line":106,"column":2}},"31":{"start":{"line":95,"column":31},"end":{"line":95,"column":39}},"32":{"start":{"line":96,"column":19},"end":{"line":96,"column":57}},"33":{"start":{"line":98,"column":2},"end":{"line":99,"column":65}},"34":{"start":{"line":99,"column":4},"end":{"line":99,"column":65}},"35":{"start":{"line":101,"column":2},"end":{"line":102,"column":56}},"36":{"start":{"line":102,"column":4},"end":{"line":102,"column":56}},"37":{"start":{"line":104,"column":2},"end":{"line":104,"column":27}},"38":{"start":{"line":105,"column":2},"end":{"line":105,"column":32}},"39":{"start":{"line":108,"column":0},"end":{"line":108,"column":69}}},"fnMap":{"0":{"name":"(anonymous_0)","decl":{"start":{"line":9,"column":22},"end":{"line":9,"column":23}},"loc":{"start":{"line":9,"column":52},"end":{"line":19,"column":1}},"line":9},"1":{"name":"(anonymous_1)","decl":{"start":{"line":39,"column":15},"end":{"line":39,"column":16}},"loc":{"start":{"line":39,"column":35},"end":{"line":79,"column":3}},"line":39},"2":{"name":"(anonymous_2)","decl":{"start":{"line":83,"column":40},"end":{"line":83,"column":41}},"loc":{"start":{"line":83,"column":60},"end":{"line":91,"column":1}},"line":83},"3":{"name":"(anonymous_3)","decl":{"start":{"line":94,"column":36},"end":{"line":94,"column":37}},"loc":{"start":{"line":94,"column":56},"end":{"line":106,"column":1}},"line":94}},"branchMap":{"0":{"loc":{"start":{"line":15,"column":11},"end":{"line":15,"column":48}},"type":"binary-expr","locations":[{"start":{"line":15,"column":11},"end":{"line":15,"column":28}},{"start":{"line":15,"column":32},"end":{"line":15,"column":48}}],"line":15},"1":{"loc":{"start":{"line":41,"column":4},"end":{"line":42,"column":62}},"type":"if","locations":[{"start":{"line":41,"column":4},"end":{"line":42,"column":62}},{"start":{},"end":{}}],"line":41},"2":{"loc":{"start":{"line":52,"column":4},"end":{"line":55,"column":9}},"type":"if","locations":[{"start":{"line":52,"column":4},"end":{"line":55,"column":9}},{"start":{},"end":{}}],"line":52},"3":{"loc":{"start":{"line":62,"column":4},"end":{"line":65,"column":9}},"type":"if","locations":[{"start":{"line":62,"column":4},"end":{"line":65,"column":9}},{"start":{},"end":{}}],"line":62},"4":{"loc":{"start":{"line":75,"column":15},"end":{"line":75,"column":30}},"type":"binary-expr","locations":[{"start":{"line":75,"column":15},"end":{"line":75,"column":22}},{"start":{"line":75,"column":26},"end":{"line":75,"column":30}}],"line":75},"5":{"loc":{"start":{"line":98,"column":2},"end":{"line":99,"column":65}},"type":"if","locations":[{"start":{"line":98,"column":2},"end":{"line":99,"column":65}},{"start":{},"end":{}}],"line":98},"6":{"loc":{"start":{"line":101,"column":2},"end":{"line":102,"column":56}},"type":"if","locations":[{"start":{"line":101,"column":2},"end":{"line":102,"column":56}},{"start":{},"end":{}}],"line":101},"7":{"loc":{"start":{"line":101,"column":6},"end":{"line":101,"column":56}},"type":"binary-expr","locations":[{"start":{"line":101,"column":6},"end":{"line":101,"column":22}},{"start":{"line":101,"column":26},"end":{"line":101,"column":56}}],"line":101}},"s":{"0":1,"1":1,"2":1,"3":1,"4":1,"5":1,"6":1,"7":1,"8":1,"9":1,"10":0,"11":1,"12":1,"13":5,"14":5,"15":2,"16":3,"17":3,"18":3,"19":3,"20":1,"21":2,"22":2,"23":1,"24":1,"25":1,"26":1,"27":1,"28":0,"29":0,"30":1,"31":0,"32":0,"33":0,"34":0,"35":0,"36":0,"37":0,"38":0,"39":1},"f":{"0":1,"1":5,"2":0,"3":0},"b":{"0":[1,0],"1":[2,3],"2":[1,2],"3":[1,1],"4":[1,0],"5":[0,0],"6":[0,0],"7":[0,0]},"_coverageSchema":"1a1c01bbd47fc00a2c39e90264f33305004495a9","hash":"1804d5f47a5a0d4eff78fbade9b4cc38874b7b41"}
,"D:\\EventZen\\Booking_Module\\middlewares\\authMiddleware.js": {"path":"D:\\EventZen\\Booking_Module\\middlewares\\authMiddleware.js","statementMap":{"0":{"start":{"line":1,"column":12},"end":{"line":1,"column":35}},"1":{"start":{"line":2,"column":0},"end":{"line":2,"column":27}},"2":{"start":{"line":5,"column":18},"end":{"line":24,"column":1}},"3":{"start":{"line":6,"column":21},"end":{"line":6,"column":49}},"4":{"start":{"line":7,"column":2},"end":{"line":8,"column":64}},"5":{"start":{"line":8,"column":4},"end":{"line":8,"column":64}},"6":{"start":{"line":10,"column":16},"end":{"line":10,"column":40}},"7":{"start":{"line":11,"column":2},"end":{"line":12,"column":62}},"8":{"start":{"line":12,"column":4},"end":{"line":12,"column":62}},"9":{"start":{"line":14,"column":2},"end":{"line":23,"column":5}},"10":{"start":{"line":15,"column":4},"end":{"line":16,"column":73}},"11":{"start":{"line":16,"column":6},"end":{"line":16,"column":73}},"12":{"start":{"line":18,"column":4},"end":{"line":21,"column":6}},"13":{"start":{"line":22,"column":4},"end":{"line":22,"column":11}},"14":{"start":{"line":26,"column":20},"end":{"line":34,"column":1}},"15":{"start":{"line":26,"column":34},"end":{"line":34,"column":1}},"16":{"start":{"line":27,"column":2},"end":{"line":28,"column":64}},"17":{"start":{"line":28,"column":4},"end":{"line":28,"column":64}},"18":{"start":{"line":30,"column":2},"end":{"line":31,"column":86}},"19":{"start":{"line":31,"column":4},"end":{"line":31,"column":86}},"20":{"start":{"line":33,"column":2},"end":{"line":33,"column":9}},"21":{"start":{"line":36,"column":0},"end":{"line":36,"column":44}}},"fnMap":{"0":{"name":"(anonymous_0)","decl":{"start":{"line":5,"column":18},"end":{"line":5,"column":19}},"loc":{"start":{"line":5,"column":38},"end":{"line":24,"column":1}},"line":5},"1":{"name":"(anonymous_1)","decl":{"start":{"line":14,"column":44},"end":{"line":14,"column":45}},"loc":{"start":{"line":14,"column":62},"end":{"line":23,"column":3}},"line":14},"2":{"name":"(anonymous_2)","decl":{"start":{"line":26,"column":20},"end":{"line":26,"column":21}},"loc":{"start":{"line":26,"column":34},"end":{"line":34,"column":1}},"line":26},"3":{"name":"(anonymous_3)","decl":{"start":{"line":26,"column":34},"end":{"line":26,"column":35}},"loc":{"start":{"line":26,"column":54},"end":{"line":34,"column":1}},"line":26}},"branchMap":{"0":{"loc":{"start":{"line":7,"column":2},"end":{"line":8,"column":64}},"type":"if","locations":[{"start":{"line":7,"column":2},"end":{"line":8,"column":64}},{"start":{},"end":{}}],"line":7},"1":{"loc":{"start":{"line":11,"column":2},"end":{"line":12,"column":62}},"type":"if","locations":[{"start":{"line":11,"column":2},"end":{"line":12,"column":62}},{"start":{},"end":{}}],"line":11},"2":{"loc":{"start":{"line":15,"column":4},"end":{"line":16,"column":73}},"type":"if","locations":[{"start":{"line":15,"column":4},"end":{"line":16,"column":73}},{"start":{},"end":{}}],"line":15},"3":{"loc":{"start":{"line":27,"column":2},"end":{"line":28,"column":64}},"type":"if","locations":[{"start":{"line":27,"column":2},"end":{"line":28,"column":64}},{"start":{},"end":{}}],"line":27},"4":{"loc":{"start":{"line":30,"column":2},"end":{"line":31,"column":86}},"type":"if","locations":[{"start":{"line":30,"column":2},"end":{"line":31,"column":86}},{"start":{},"end":{}}],"line":30}},"s":{"0":2,"1":2,"2":2,"3":15,"4":15,"5":1,"6":14,"7":14,"8":0,"9":14,"10":14,"11":0,"12":14,"13":14,"14":2,"15":1,"16":0,"17":0,"18":0,"19":0,"20":0,"21":2},"f":{"0":15,"1":14,"2":1,"3":0},"b":{"0":[1,14],"1":[0,14],"2":[0,14],"3":[0,0],"4":[0,0]},"_coverageSchema":"1a1c01bbd47fc00a2c39e90264f33305004495a9","hash":"de8228dbdb42f7e854394a6699cfd814ce12ed37"}
,"D:\\EventZen\\Booking_Module\\middlewares\\errorMiddleware.js": {"path":"D:\\EventZen\\Booking_Module\\middlewares\\errorMiddleware.js","statementMap":{"0":{"start":{"line":1,"column":21},"end":{"line":9,"column":1}},"1":{"start":{"line":2,"column":2},"end":{"line":2,"column":67}},"2":{"start":{"line":4,"column":17},"end":{"line":4,"column":52}},"3":{"start":{"line":6,"column":2},"end":{"line":8,"column":5}},"4":{"start":{"line":11,"column":21},"end":{"line":12,"column":49}},"5":{"start":{"line":11,"column":29},"end":{"line":12,"column":49}},"6":{"start":{"line":12,"column":2},"end":{"line":12,"column":49}},"7":{"start":{"line":14,"column":0},"end":{"line":14,"column":48}}},"fnMap":{"0":{"name":"(anonymous_0)","decl":{"start":{"line":1,"column":21},"end":{"line":1,"column":22}},"loc":{"start":{"line":1,"column":46},"end":{"line":9,"column":1}},"line":1},"1":{"name":"(anonymous_1)","decl":{"start":{"line":11,"column":21},"end":{"line":11,"column":22}},"loc":{"start":{"line":11,"column":29},"end":{"line":12,"column":49}},"line":11},"2":{"name":"(anonymous_2)","decl":{"start":{"line":11,"column":29},"end":{"line":11,"column":30}},"loc":{"start":{"line":12,"column":2},"end":{"line":12,"column":49}},"line":12}},"branchMap":{"0":{"loc":{"start":{"line":4,"column":17},"end":{"line":4,"column":52}},"type":"binary-expr","locations":[{"start":{"line":4,"column":17},"end":{"line":4,"column":27}},{"start":{"line":4,"column":31},"end":{"line":4,"column":45}},{"start":{"line":4,"column":49},"end":{"line":4,"column":52}}],"line":4},"1":{"loc":{"start":{"line":7,"column":11},"end":{"line":7,"column":56}},"type":"binary-expr","locations":[{"start":{"line":7,"column":11},"end":{"line":7,"column":22}},{"start":{"line":7,"column":26},"end":{"line":7,"column":56}}],"line":7}},"s":{"0":2,"1":0,"2":0,"3":0,"4":2,"5":8,"6":14,"7":2},"f":{"0":0,"1":8,"2":14},"b":{"0":[0,0,0],"1":[0,0]},"_coverageSchema":"1a1c01bbd47fc00a2c39e90264f33305004495a9","hash":"da435de8b741775aacd48c18c344fd30074f41a9"}
,"D:\\EventZen\\Booking_Module\\models\\bookingModel.js": {"path":"D:\\EventZen\\Booking_Module\\models\\bookingModel.js","statementMap":{"0":{"start":{"line":1,"column":22},"end":{"line":1,"column":42}},"1":{"start":{"line":2,"column":18},"end":{"line":2,"column":41}},"2":{"start":{"line":4,"column":16},"end":{"line":59,"column":2}},"3":{"start":{"line":61,"column":0},"end":{"line":61,"column":25}}},"fnMap":{},"branchMap":{},"s":{"0":2,"1":2,"2":2,"3":2},"f":{},"b":{},"_coverageSchema":"1a1c01bbd47fc00a2c39e90264f33305004495a9","hash":"56a3d85c5d27fa5e133e1a6c752537a930006702"}
,"D:\\EventZen\\Booking_Module\\models\\feedbackModel.js": {"path":"D:\\EventZen\\Booking_Module\\models\\feedbackModel.js","statementMap":{"0":{"start":{"line":1,"column":22},"end":{"line":1,"column":42}},"1":{"start":{"line":2,"column":18},"end":{"line":2,"column":41}},"2":{"start":{"line":4,"column":17},"end":{"line":43,"column":2}},"3":{"start":{"line":45,"column":0},"end":{"line":45,"column":26}}},"fnMap":{},"branchMap":{},"s":{"0":1,"1":1,"2":1,"3":1},"f":{},"b":{},"_coverageSchema":"1a1c01bbd47fc00a2c39e90264f33305004495a9","hash":"185786fdf2df8af7f1dcee5fef3ba62a24e24e8e"}
,"D:\\EventZen\\Booking_Module\\routes\\bookingRoutes.js": {"path":"D:\\EventZen\\Booking_Module\\routes\\bookingRoutes.js","statementMap":{"0":{"start":{"line":1,"column":16},"end":{"line":1,"column":34}},"1":{"start":{"line":2,"column":16},"end":{"line":2,"column":32}},"2":{"start":{"line":9,"column":4},"end":{"line":9,"column":47}},"3":{"start":{"line":10,"column":35},"end":{"line":10,"column":75}},"4":{"start":{"line":12,"column":0},"end":{"line":12,"column":43}},"5":{"start":{"line":13,"column":0},"end":{"line":13,"column":40}},"6":{"start":{"line":14,"column":0},"end":{"line":14,"column":45}},"7":{"start":{"line":15,"column":0},"end":{"line":15,"column":82}},"8":{"start":{"line":16,"column":0},"end":{"line":16,"column":47}},"9":{"start":{"line":18,"column":0},"end":{"line":18,"column":24}}},"fnMap":{},"branchMap":{},"s":{"0":1,"1":1,"2":1,"3":1,"4":1,"5":1,"6":1,"7":1,"8":1,"9":1},"f":{},"b":{},"_coverageSchema":"1a1c01bbd47fc00a2c39e90264f33305004495a9","hash":"0bbca7c2010ee9992e0722ef3a224f6d0c4e09d9"}
,"D:\\EventZen\\Booking_Module\\routes\\feedbackRoutes.js": {"path":"D:\\EventZen\\Booking_Module\\routes\\feedbackRoutes.js","statementMap":{"0":{"start":{"line":1,"column":17},"end":{"line":1,"column":35}},"1":{"start":{"line":2,"column":17},"end":{"line":2,"column":33}},"2":{"start":{"line":7,"column":4},"end":{"line":7,"column":48}},"3":{"start":{"line":8,"column":22},"end":{"line":8,"column":62}},"4":{"start":{"line":10,"column":0},"end":{"line":10,"column":41}},"5":{"start":{"line":11,"column":0},"end":{"line":11,"column":61}},"6":{"start":{"line":12,"column":0},"end":{"line":12,"column":49}},"7":{"start":{"line":14,"column":0},"end":{"line":14,"column":24}}},"fnMap":{},"branchMap":{},"s":{"0":1,"1":1,"2":1,"3":1,"4":1,"5":1,"6":1,"7":1},"f":{},"b":{},"_coverageSchema":"1a1c01bbd47fc00a2c39e90264f33305004495a9","hash":"690891c0d2852906bd2fdfc1706b32dd4929bd4c"}
}
