TN:
SF:config\db.js
FNF:0
FNH:0
DA:1,3
DA:2,3
DA:4,3
DA:9,3
LF:4
LH:4
BRF:0
BRH:0
end_of_record
TN:
SF:controllers\bookingController.js
FN:24,(anonymous_0)
FN:79,(anonymous_1)
FN:90,(anonymous_2)
FN:108,(anonymous_3)
FN:125,(anonymous_4)
FNF:5
FNH:3
FNDA:3,(anonymous_0)
FNDA:2,(anonymous_1)
FNDA:0,(anonymous_2)
FNDA:0,(anonymous_3)
FNDA:4,(anonymous_4)
DA:1,1
DA:2,1
DA:3,1
DA:4,1
DA:5,1
DA:7,1
DA:14,1
DA:22,1
DA:25,3
DA:26,3
DA:27,1
DA:35,2
DA:37,2
DA:38,2
DA:43,1
DA:44,1
DA:46,0
DA:49,1
DA:60,1
DA:61,1
DA:71,0
DA:74,1
DA:79,1
DA:80,2
DA:83,2
DA:84,2
DA:86,2
DA:90,1
DA:91,0
DA:92,0
DA:94,0
DA:95,0
DA:98,0
DA:99,0
DA:102,0
DA:106,1
DA:109,0
DA:110,0
DA:111,0
DA:114,0
DA:115,0
DA:116,0
DA:119,0
DA:120,0
DA:125,1
DA:126,4
DA:127,4
DA:129,4
DA:130,1
DA:133,3
DA:134,1
DA:138,2
DA:139,1
DA:142,1
DA:143,1
DA:146,1
LF:56
LH:39
BRDA:26,0,0,1
BRDA:26,0,1,2
BRDA:32,1,0,0
BRDA:33,2,0,1
BRDA:34,3,0,0
BRDA:43,4,0,1
BRDA:43,4,1,0
BRDA:83,5,0,1
BRDA:83,5,1,1
BRDA:94,6,0,0
BRDA:94,6,1,0
BRDA:98,7,0,0
BRDA:98,7,1,0
BRDA:98,8,0,0
BRDA:98,8,1,0
BRDA:110,9,0,0
BRDA:110,9,1,0
BRDA:115,10,0,0
BRDA:115,10,1,0
BRDA:129,11,0,1
BRDA:129,11,1,3
BRDA:133,12,0,1
BRDA:133,12,1,2
BRDA:138,13,0,1
BRDA:138,13,1,1
BRDA:138,14,0,2
BRDA:138,14,1,2
BRF:27
BRH:14
end_of_record
TN:
SF:controllers\feedbackController.js
FN:9,(anonymous_0)
FN:39,(anonymous_1)
FN:83,(anonymous_2)
FN:94,(anonymous_3)
FNF:4
FNH:2
FNDA:1,(anonymous_0)
FNDA:5,(anonymous_1)
FNDA:0,(anonymous_2)
FNDA:0,(anonymous_3)
DA:1,1
DA:2,1
DA:3,1
DA:4,1
DA:5,1
DA:6,1
DA:9,1
DA:10,1
DA:11,1
DA:15,1
DA:17,0
DA:22,1
DA:37,1
DA:40,5
DA:41,5
DA:42,2
DA:44,3
DA:45,3
DA:48,3
DA:52,3
DA:53,1
DA:58,2
DA:62,2
DA:63,1
DA:68,1
DA:70,1
DA:78,1
DA:83,1
DA:84,0
DA:90,0
DA:94,1
DA:95,0
DA:96,0
DA:98,0
DA:99,0
DA:101,0
DA:102,0
DA:104,0
DA:105,0
DA:108,1
LF:40
LH:29
BRDA:15,0,0,1
BRDA:15,0,1,0
BRDA:41,1,0,2
BRDA:41,1,1,3
BRDA:52,2,0,1
BRDA:52,2,1,2
BRDA:62,3,0,1
BRDA:62,3,1,1
BRDA:75,4,0,1
BRDA:75,4,1,0
BRDA:98,5,0,0
BRDA:98,5,1,0
BRDA:101,6,0,0
BRDA:101,6,1,0
BRDA:101,7,0,0
BRDA:101,7,1,0
BRF:16
BRH:8
end_of_record
TN:
SF:middlewares\authMiddleware.js
FN:5,(anonymous_0)
FN:14,(anonymous_1)
FN:26,(anonymous_2)
FN:26,(anonymous_3)
FNF:4
FNH:3
FNDA:15,(anonymous_0)
FNDA:14,(anonymous_1)
FNDA:1,(anonymous_2)
FNDA:0,(anonymous_3)
DA:1,2
DA:2,2
DA:5,2
DA:6,15
DA:7,15
DA:8,1
DA:10,14
DA:11,14
DA:12,0
DA:14,14
DA:15,14
DA:16,0
DA:18,14
DA:22,14
DA:26,2
DA:27,0
DA:28,0
DA:30,0
DA:31,0
DA:33,0
DA:36,2
LF:21
LH:14
BRDA:7,0,0,1
BRDA:7,0,1,14
BRDA:11,1,0,0
BRDA:11,1,1,14
BRDA:15,2,0,0
BRDA:15,2,1,14
BRDA:27,3,0,0
BRDA:27,3,1,0
BRDA:30,4,0,0
BRDA:30,4,1,0
BRF:10
BRH:4
end_of_record
TN:
SF:middlewares\errorMiddleware.js
FN:1,(anonymous_0)
FN:11,(anonymous_1)
FN:11,(anonymous_2)
FNF:3
FNH:2
FNDA:0,(anonymous_0)
FNDA:8,(anonymous_1)
FNDA:14,(anonymous_2)
DA:1,2
DA:2,0
DA:4,0
DA:6,0
DA:11,8
DA:12,14
DA:14,2
LF:7
LH:4
BRDA:4,0,0,0
BRDA:4,0,1,0
BRDA:4,0,2,0
BRDA:7,1,0,0
BRDA:7,1,1,0
BRF:5
BRH:0
end_of_record
TN:
SF:models\bookingModel.js
FNF:0
FNH:0
DA:1,2
DA:2,2
DA:4,2
DA:61,2
LF:4
LH:4
BRF:0
BRH:0
end_of_record
TN:
SF:models\feedbackModel.js
FNF:0
FNH:0
DA:1,1
DA:2,1
DA:4,1
DA:45,1
LF:4
LH:4
BRF:0
BRH:0
end_of_record
TN:
SF:routes\bookingRoutes.js
FNF:0
FNH:0
DA:1,1
DA:2,1
DA:9,1
DA:10,1
DA:12,1
DA:13,1
DA:14,1
DA:15,1
DA:16,1
DA:18,1
LF:10
LH:10
BRF:0
BRH:0
end_of_record
TN:
SF:routes\feedbackRoutes.js
FNF:0
FNH:0
DA:1,1
DA:2,1
DA:7,1
DA:8,1
DA:10,1
DA:11,1
DA:12,1
DA:14,1
LF:8
LH:8
BRF:0
BRH:0
end_of_record
